<?xml version="1.0" encoding="UTF-8"?>
<!-- Generated by org.testng.reporters.JUnitReportReporter -->
<testsuite hostname="Rubbge" name="examples.ParameterizedTest" tests="1" failures="0" timestamp="10 Jul 2019 11:55:29 GMT" time="0.017" errors="0">
  <testcase name="ParaTest" time="0.017" classname="examples.ParameterizedTest"/>
</testsuite> <!-- examples.ParameterizedTest -->
